<?xml version="1.0" encoding="UTF-8"?>
<testsuite name="ru.stqa.pft.addressbook.tests.ContactCreationTests" tests="6" skipped="0" failures="0" errors="0" timestamp="2019-07-20T16:37:04" hostname="GARIPOV_A" time="21.719">
  <properties/>
  <testcase name="testContactBadCreation" classname="ru.stqa.pft.addressbook.tests.ContactCreationTests" time="4.173"/>
  <testcase name="testContactCreation[0](ContactData{id='0'})" classname="ru.stqa.pft.addressbook.tests.ContactCreationTests" time="3.051"/>
  <testcase name="testContactCreation[1](ContactData{id='0'})" classname="ru.stqa.pft.addressbook.tests.ContactCreationTests" time="3.256"/>
  <testcase name="testContactCreation[2](ContactData{id='0'})" classname="ru.stqa.pft.addressbook.tests.ContactCreationTests" time="3.564"/>
  <testcase name="testContactCreation[3](ContactData{id='0'})" classname="ru.stqa.pft.addressbook.tests.ContactCreationTests" time="3.713"/>
  <testcase name="testContactCreation[4](ContactData{id='0'})" classname="ru.stqa.pft.addressbook.tests.ContactCreationTests" time="3.956"/>
  <system-out><![CDATA[]]></system-out>
  <system-err><![CDATA[Security framework of XStream not initialized, XStream is probably vulnerable.
]]></system-err>
</testsuite>
