<?xml version="1.0" encoding="UTF-8"?>
<testsuite name="ru.stqa.pft.addressbook.tests.GroupCreationTests" tests="6" skipped="0" failures="0" errors="0" timestamp="2019-07-20T16:36:43" hostname="GARIPOV_A" time="15.865">
  <properties/>
  <testcase name="testGroupBadCreation" classname="ru.stqa.pft.addressbook.tests.GroupCreationTests" time="3.265"/>
  <testcase name="testGroupCreation[0](GroupData{id='0', name='test 0'})" classname="ru.stqa.pft.addressbook.tests.GroupCreationTests" time="2.558"/>
  <testcase name="testGroupCreation[1](GroupData{id='0', name='test 1'})" classname="ru.stqa.pft.addressbook.tests.GroupCreationTests" time="2.299"/>
  <testcase name="testGroupCreation[2](GroupData{id='0', name='test 2'})" classname="ru.stqa.pft.addressbook.tests.GroupCreationTests" time="2.498"/>
  <testcase name="testGroupCreation[3](GroupData{id='0', name='test 3'})" classname="ru.stqa.pft.addressbook.tests.GroupCreationTests" time="2.611"/>
  <testcase name="testGroupCreation[4](GroupData{id='0', name='test 4'})" classname="ru.stqa.pft.addressbook.tests.GroupCreationTests" time="2.445"/>
  <system-out><![CDATA[]]></system-out>
  <system-err><![CDATA[Security framework of XStream not initialized, XStream is probably vulnerable.
]]></system-err>
</testsuite>
